<?xml version="1.0" encoding="UTF-8"?>
<testsuite name="com.kitano.ApplicationTest" tests="1" skipped="0" failures="0" errors="0" timestamp="2023-10-20T22:49:29" hostname="fv-az442-235" time="0.175">
  <properties/>
  <testcase name="basic" classname="com.kitano.ApplicationTest" time="0.175"/>
  <system-out><![CDATA[]]></system-out>
  <system-err><![CDATA[]]></system-err>
</testsuite>
